TN:
SF:C:\wamp\www\sebastian-carousel\src\js\sebastian-carousel.js
FN:3,SebastianCarousel
FN:22,(anonymous_2)
FN:38,(anonymous_3)
FN:65,(anonymous_4)
FN:69,(anonymous_5)
FN:73,(anonymous_6)
FN:84,(anonymous_7)
FN:117,(anonymous_8)
FN:123,(anonymous_9)
FN:125,(anonymous_10)
FN:129,(anonymous_11)
FN:135,(anonymous_12)
FN:141,(anonymous_13)
FN:144,(anonymous_14)
FN:152,(anonymous_15)
FN:173,(anonymous_16)
FN:202,(anonymous_17)
FNF:17
FNH:13
FNDA:14,SebastianCarousel
FNDA:13,(anonymous_2)
FNDA:0,(anonymous_3)
FNDA:0,(anonymous_4)
FNDA:0,(anonymous_5)
FNDA:0,(anonymous_6)
FNDA:3,(anonymous_7)
FNDA:1,(anonymous_8)
FNDA:5,(anonymous_9)
FNDA:4,(anonymous_10)
FNDA:1,(anonymous_11)
FNDA:2,(anonymous_12)
FNDA:16,(anonymous_13)
FNDA:91,(anonymous_14)
FNDA:13,(anonymous_15)
FNDA:10,(anonymous_16)
FNDA:1,(anonymous_17)
DA:3,1
DA:4,14
DA:5,1
DA:7,13
DA:8,13
DA:9,13
DA:12,1
DA:23,13
DA:24,13
DA:25,13
DA:26,13
DA:27,13
DA:29,13
DA:30,0
DA:31,0
DA:33,13
DA:34,13
DA:35,52
DA:36,52
DA:37,52
DA:38,52
DA:39,0
DA:40,0
DA:41,0
DA:42,0
DA:44,52
DA:45,13
DA:46,13
DA:48,52
DA:49,13
DA:51,52
DA:52,13
DA:54,52
DA:55,52
DA:57,13
DA:58,13
DA:59,13
DA:60,13
DA:61,13
DA:62,13
DA:63,13
DA:64,13
DA:65,13
DA:66,0
DA:67,0
DA:69,13
DA:70,0
DA:71,0
DA:73,13
DA:74,0
DA:76,13
DA:77,1
DA:85,3
DA:86,3
DA:88,3
DA:89,3
DA:90,3
DA:91,3
DA:92,3
DA:93,3
DA:94,3
DA:95,3
DA:97,3
DA:99,2
DA:100,2
DA:102,1
DA:103,1
DA:105,3
DA:106,3
DA:107,3
DA:108,3
DA:109,3
DA:110,3
DA:111,3
DA:118,1
DA:119,1
DA:120,1
DA:121,1
DA:124,5
DA:125,5
DA:126,4
DA:130,1
DA:131,1
DA:132,1
DA:136,2
DA:137,2
DA:138,2
DA:142,16
DA:145,91
DA:146,0
DA:148,91
DA:149,91
DA:150,91
DA:153,13
DA:161,13
DA:162,3
DA:163,18
DA:164,18
DA:165,1
DA:171,13
DA:174,10
DA:176,10
DA:178,2
DA:179,2
DA:180,2
DA:182,3
DA:183,3
DA:184,3
DA:188,3
DA:189,3
DA:190,3
DA:192,2
DA:193,2
DA:194,2
DA:196,10
DA:197,4
DA:198,10
DA:202,1
DA:203,1
DA:204,1
DA:205,1
DA:206,0
DA:207,0
DA:208,0
DA:210,0
DA:211,0
DA:213,0
DA:214,0
DA:216,0
DA:217,0
DA:219,0
DA:220,0
DA:222,0
LF:133
LH:109
BRDA:4,1,0,1
BRDA:4,1,1,13
BRDA:29,2,0,0
BRDA:29,2,1,13
BRDA:31,3,0,0
BRDA:31,3,1,0
BRDA:44,4,0,13
BRDA:44,4,1,39
BRDA:48,5,0,13
BRDA:48,5,1,39
BRDA:51,6,0,13
BRDA:51,6,1,39
BRDA:76,7,0,1
BRDA:76,7,1,12
BRDA:85,8,0,1
BRDA:85,8,1,2
BRDA:85,9,0,3
BRDA:85,9,1,2
BRDA:97,10,0,2
BRDA:97,10,1,1
BRDA:99,11,0,1
BRDA:99,11,1,1
BRDA:102,12,0,0
BRDA:102,12,1,1
BRDA:105,13,0,0
BRDA:105,13,1,3
BRDA:106,14,0,2
BRDA:106,14,1,1
BRDA:118,15,0,0
BRDA:118,15,1,1
BRDA:120,16,0,0
BRDA:120,16,1,1
BRDA:120,17,0,0
BRDA:120,17,1,1
BRDA:130,18,0,1
BRDA:130,18,1,0
BRDA:136,19,0,2
BRDA:136,19,1,0
BRDA:145,20,0,0
BRDA:145,20,1,91
BRDA:145,21,0,91
BRDA:145,21,1,91
BRDA:161,22,0,3
BRDA:161,22,1,10
BRDA:163,23,0,18
BRDA:163,23,1,0
BRDA:164,24,0,1
BRDA:164,24,1,17
BRDA:164,25,0,18
BRDA:164,25,1,1
BRDA:176,26,0,2
BRDA:176,26,1,3
BRDA:176,26,2,2
BRDA:176,26,3,3
BRDA:176,26,4,3
BRDA:176,26,5,2
BRDA:192,27,0,2
BRDA:192,27,1,2
BRDA:196,28,0,4
BRDA:196,28,1,6
BRDA:204,29,0,1
BRDA:204,29,1,0
BRDA:207,30,0,0
BRDA:207,30,1,0
BRDA:210,31,0,0
BRDA:210,31,1,0
BRDA:213,32,0,0
BRDA:213,32,1,0
BRDA:216,33,0,0
BRDA:216,33,1,0
BRDA:219,34,0,0
BRDA:219,34,1,0
BRF:72
BRH:49
end_of_record
