{
"C:\\wamp\\www\\sebastian-carousel\\src\\js\\sebastian-carousel.js":{"path":"C:\\wamp\\www\\sebastian-carousel\\src\\js\\sebastian-carousel.js","s":{"1":1,"2":14,"3":1,"4":13,"5":13,"6":13,"7":1,"8":13,"9":13,"10":13,"11":13,"12":13,"13":13,"14":0,"15":0,"16":0,"17":13,"18":13,"19":52,"20":52,"21":52,"22":52,"23":0,"24":0,"25":0,"26":0,"27":52,"28":13,"29":13,"30":52,"31":13,"32":52,"33":13,"34":52,"35":52,"36":13,"37":13,"38":13,"39":13,"40":13,"41":13,"42":13,"43":13,"44":13,"45":0,"46":0,"47":13,"48":0,"49":0,"50":13,"51":0,"52":13,"53":1,"54":3,"55":1,"56":3,"57":3,"58":3,"59":3,"60":3,"61":3,"62":3,"63":3,"64":3,"65":3,"66":2,"67":2,"68":1,"69":1,"70":3,"71":3,"72":3,"73":3,"74":3,"75":3,"76":3,"77":1,"78":1,"79":1,"80":1,"81":5,"82":5,"83":4,"84":1,"85":1,"86":1,"87":2,"88":2,"89":2,"90":16,"91":91,"92":0,"93":91,"94":91,"95":91,"96":13,"97":13,"98":3,"99":18,"100":18,"101":1,"102":13,"103":10,"104":10,"105":2,"106":2,"107":2,"108":3,"109":3,"110":3,"111":3,"112":3,"113":3,"114":2,"115":2,"116":2,"117":10,"118":4,"119":10,"120":1,"121":1,"122":1,"123":1,"124":0,"125":0,"126":0,"127":0,"128":0,"129":0,"130":0,"131":0,"132":0,"133":0,"134":0,"135":0},"b":{"1":[1,13],"2":[0,13],"3":[0,0],"4":[13,39],"5":[13,39],"6":[13,39],"7":[1,12],"8":[1,2],"9":[3,2],"10":[2,1],"11":[1,1],"12":[0,1],"13":[0,3],"14":[2,1],"15":[0,1],"16":[0,1],"17":[0,1],"18":[1,0],"19":[2,0],"20":[0,91],"21":[91,91],"22":[3,10],"23":[18,0],"24":[1,17],"25":[18,1],"26":[2,3,2,3,3,2],"27":[2,2],"28":[4,6],"29":[1,0],"30":[0,0],"31":[0,0],"32":[0,0],"33":[0,0],"34":[0,0]},"f":{"1":14,"2":13,"3":0,"4":0,"5":0,"6":0,"7":3,"8":1,"9":5,"10":4,"11":1,"12":2,"13":16,"14":91,"15":13,"16":10,"17":1},"fnMap":{"1":{"name":"SebastianCarousel","line":3,"loc":{"start":{"line":3,"column":0},"end":{"line":3,"column":41}}},"2":{"name":"(anonymous_2)","line":22,"loc":{"start":{"line":22,"column":11},"end":{"line":22,"column":22}}},"3":{"name":"(anonymous_3)","line":38,"loc":{"start":{"line":38,"column":45},"end":{"line":38,"column":57}}},"4":{"name":"(anonymous_4)","line":65,"loc":{"start":{"line":65,"column":43},"end":{"line":65,"column":54}}},"5":{"name":"(anonymous_5)","line":69,"loc":{"start":{"line":69,"column":42},"end":{"line":69,"column":53}}},"6":{"name":"(anonymous_6)","line":73,"loc":{"start":{"line":73,"column":42},"end":{"line":73,"column":53}}},"7":{"name":"(anonymous_7)","line":84,"loc":{"start":{"line":84,"column":11},"end":{"line":84,"column":25}}},"8":{"name":"(anonymous_8)","line":117,"loc":{"start":{"line":117,"column":15},"end":{"line":117,"column":31}}},"9":{"name":"(anonymous_9)","line":123,"loc":{"start":{"line":123,"column":14},"end":{"line":123,"column":25}}},"10":{"name":"(anonymous_10)","line":125,"loc":{"start":{"line":125,"column":36},"end":{"line":125,"column":47}}},"11":{"name":"(anonymous_11)","line":129,"loc":{"start":{"line":129,"column":16},"end":{"line":129,"column":27}}},"12":{"name":"(anonymous_12)","line":135,"loc":{"start":{"line":135,"column":15},"end":{"line":135,"column":26}}},"13":{"name":"(anonymous_13)","line":141,"loc":{"start":{"line":141,"column":17},"end":{"line":141,"column":28}}},"14":{"name":"(anonymous_14)","line":144,"loc":{"start":{"line":144,"column":19},"end":{"line":144,"column":43}}},"15":{"name":"(anonymous_15)","line":152,"loc":{"start":{"line":152,"column":18},"end":{"line":152,"column":33}}},"16":{"name":"(anonymous_16)","line":173,"loc":{"start":{"line":173,"column":21},"end":{"line":173,"column":38}}},"17":{"name":"(anonymous_17)","line":202,"loc":{"start":{"line":202,"column":46},"end":{"line":202,"column":57}}}},"statementMap":{"1":{"start":{"line":3,"column":0},"end":{"line":10,"column":1}},"2":{"start":{"line":4,"column":4},"end":{"line":6,"column":5}},"3":{"start":{"line":5,"column":8},"end":{"line":5,"column":52}},"4":{"start":{"line":7,"column":4},"end":{"line":7,"column":23}},"5":{"start":{"line":8,"column":4},"end":{"line":8,"column":46}},"6":{"start":{"line":9,"column":4},"end":{"line":9,"column":17}},"7":{"start":{"line":12,"column":0},"end":{"line":200,"column":2}},"8":{"start":{"line":23,"column":8},"end":{"line":23,"column":28}},"9":{"start":{"line":24,"column":8},"end":{"line":24,"column":39}},"10":{"start":{"line":25,"column":8},"end":{"line":25,"column":46}},"11":{"start":{"line":26,"column":8},"end":{"line":26,"column":75}},"12":{"start":{"line":27,"column":8},"end":{"line":27,"column":74}},"13":{"start":{"line":29,"column":8},"end":{"line":32,"column":9}},"14":{"start":{"line":30,"column":12},"end":{"line":30,"column":79}},"15":{"start":{"line":31,"column":12},"end":{"line":31,"column":60}},"16":{"start":{"line":31,"column":31},"end":{"line":31,"column":60}},"17":{"start":{"line":33,"column":8},"end":{"line":33,"column":78}},"18":{"start":{"line":34,"column":8},"end":{"line":56,"column":9}},"19":{"start":{"line":35,"column":12},"end":{"line":35,"column":50}},"20":{"start":{"line":36,"column":12},"end":{"line":36,"column":74}},"21":{"start":{"line":37,"column":12},"end":{"line":37,"column":49}},"22":{"start":{"line":38,"column":12},"end":{"line":43,"column":15}},"23":{"start":{"line":39,"column":16},"end":{"line":39,"column":38}},"24":{"start":{"line":40,"column":16},"end":{"line":40,"column":38}},"25":{"start":{"line":41,"column":16},"end":{"line":41,"column":38}},"26":{"start":{"line":42,"column":16},"end":{"line":42,"column":70}},"27":{"start":{"line":44,"column":12},"end":{"line":47,"column":13}},"28":{"start":{"line":45,"column":16},"end":{"line":45,"column":68}},"29":{"start":{"line":46,"column":16},"end":{"line":46,"column":69}},"30":{"start":{"line":48,"column":12},"end":{"line":50,"column":13}},"31":{"start":{"line":49,"column":16},"end":{"line":49,"column":66}},"32":{"start":{"line":51,"column":12},"end":{"line":53,"column":13}},"33":{"start":{"line":52,"column":16},"end":{"line":52,"column":66}},"34":{"start":{"line":54,"column":12},"end":{"line":54,"column":46}},"35":{"start":{"line":55,"column":12},"end":{"line":55,"column":56}},"36":{"start":{"line":57,"column":8},"end":{"line":57,"column":78}},"37":{"start":{"line":58,"column":8},"end":{"line":58,"column":48}},"38":{"start":{"line":59,"column":8},"end":{"line":59,"column":80}},"39":{"start":{"line":60,"column":8},"end":{"line":60,"column":68}},"40":{"start":{"line":61,"column":8},"end":{"line":61,"column":70}},"41":{"start":{"line":62,"column":8},"end":{"line":62,"column":42}},"42":{"start":{"line":63,"column":8},"end":{"line":63,"column":43}},"43":{"start":{"line":64,"column":8},"end":{"line":64,"column":27}},"44":{"start":{"line":65,"column":8},"end":{"line":68,"column":11}},"45":{"start":{"line":66,"column":12},"end":{"line":66,"column":34}},"46":{"start":{"line":67,"column":12},"end":{"line":67,"column":36}},"47":{"start":{"line":69,"column":8},"end":{"line":72,"column":11}},"48":{"start":{"line":70,"column":12},"end":{"line":70,"column":34}},"49":{"start":{"line":71,"column":12},"end":{"line":71,"column":35}},"50":{"start":{"line":73,"column":8},"end":{"line":75,"column":11}},"51":{"start":{"line":74,"column":12},"end":{"line":74,"column":34}},"52":{"start":{"line":76,"column":8},"end":{"line":78,"column":9}},"53":{"start":{"line":77,"column":12},"end":{"line":77,"column":28}},"54":{"start":{"line":85,"column":8},"end":{"line":85,"column":66}},"55":{"start":{"line":85,"column":52},"end":{"line":85,"column":66}},"56":{"start":{"line":86,"column":8},"end":{"line":86,"column":41}},"57":{"start":{"line":88,"column":8},"end":{"line":88,"column":58}},"58":{"start":{"line":89,"column":8},"end":{"line":89,"column":57}},"59":{"start":{"line":90,"column":8},"end":{"line":90,"column":57}},"60":{"start":{"line":91,"column":8},"end":{"line":91,"column":60}},"61":{"start":{"line":92,"column":8},"end":{"line":92,"column":78}},"62":{"start":{"line":93,"column":8},"end":{"line":93,"column":80}},"63":{"start":{"line":94,"column":8},"end":{"line":94,"column":80}},"64":{"start":{"line":95,"column":8},"end":{"line":95,"column":80}},"65":{"start":{"line":97,"column":8},"end":{"line":104,"column":9}},"66":{"start":{"line":99,"column":16},"end":{"line":99,"column":69}},"67":{"start":{"line":100,"column":16},"end":{"line":100,"column":22}},"68":{"start":{"line":102,"column":16},"end":{"line":102,"column":69}},"69":{"start":{"line":103,"column":16},"end":{"line":103,"column":22}},"70":{"start":{"line":105,"column":8},"end":{"line":105,"column":59}},"71":{"start":{"line":106,"column":8},"end":{"line":106,"column":59}},"72":{"start":{"line":107,"column":8},"end":{"line":107,"column":74}},"73":{"start":{"line":108,"column":8},"end":{"line":108,"column":82}},"74":{"start":{"line":109,"column":8},"end":{"line":109,"column":74}},"75":{"start":{"line":110,"column":8},"end":{"line":110,"column":84}},"76":{"start":{"line":111,"column":8},"end":{"line":111,"column":27}},"77":{"start":{"line":118,"column":8},"end":{"line":118,"column":68}},"78":{"start":{"line":119,"column":8},"end":{"line":119,"column":41}},"79":{"start":{"line":120,"column":8},"end":{"line":120,"column":73}},"80":{"start":{"line":121,"column":8},"end":{"line":121,"column":21}},"81":{"start":{"line":124,"column":8},"end":{"line":124,"column":28}},"82":{"start":{"line":125,"column":8},"end":{"line":127,"column":38}},"83":{"start":{"line":126,"column":12},"end":{"line":126,"column":36}},"84":{"start":{"line":130,"column":8},"end":{"line":133,"column":9}},"85":{"start":{"line":131,"column":12},"end":{"line":131,"column":29}},"86":{"start":{"line":132,"column":12},"end":{"line":132,"column":28}},"87":{"start":{"line":136,"column":8},"end":{"line":139,"column":9}},"88":{"start":{"line":137,"column":12},"end":{"line":137,"column":41}},"89":{"start":{"line":138,"column":12},"end":{"line":138,"column":33}},"90":{"start":{"line":142,"column":8},"end":{"line":142,"column":80}},"91":{"start":{"line":145,"column":8},"end":{"line":147,"column":9}},"92":{"start":{"line":146,"column":12},"end":{"line":146,"column":68}},"93":{"start":{"line":148,"column":8},"end":{"line":148,"column":45}},"94":{"start":{"line":149,"column":8},"end":{"line":149,"column":30}},"95":{"start":{"line":150,"column":8},"end":{"line":150,"column":17}},"96":{"start":{"line":153,"column":8},"end":{"line":160,"column":10}},"97":{"start":{"line":161,"column":8},"end":{"line":169,"column":9}},"98":{"start":{"line":162,"column":12},"end":{"line":168,"column":13}},"99":{"start":{"line":163,"column":16},"end":{"line":167,"column":17}},"100":{"start":{"line":164,"column":20},"end":{"line":166,"column":21}},"101":{"start":{"line":165,"column":24},"end":{"line":165,"column":52}},"102":{"start":{"line":171,"column":8},"end":{"line":171,"column":30}},"103":{"start":{"line":174,"column":8},"end":{"line":175,"column":74}},"104":{"start":{"line":176,"column":8},"end":{"line":195,"column":9}},"105":{"start":{"line":178,"column":16},"end":{"line":178,"column":57}},"106":{"start":{"line":179,"column":16},"end":{"line":179,"column":71}},"107":{"start":{"line":180,"column":16},"end":{"line":180,"column":22}},"108":{"start":{"line":182,"column":16},"end":{"line":182,"column":100}},"109":{"start":{"line":183,"column":16},"end":{"line":183,"column":62}},"110":{"start":{"line":184,"column":16},"end":{"line":184,"column":22}},"111":{"start":{"line":188,"column":16},"end":{"line":188,"column":50}},"112":{"start":{"line":189,"column":16},"end":{"line":189,"column":61}},"113":{"start":{"line":190,"column":16},"end":{"line":190,"column":22}},"114":{"start":{"line":192,"column":16},"end":{"line":192,"column":62}},"115":{"start":{"line":193,"column":16},"end":{"line":193,"column":76}},"116":{"start":{"line":194,"column":16},"end":{"line":194,"column":22}},"117":{"start":{"line":196,"column":8},"end":{"line":197,"column":34}},"118":{"start":{"line":197,"column":12},"end":{"line":197,"column":34}},"119":{"start":{"line":198,"column":8},"end":{"line":198,"column":22}},"120":{"start":{"line":202,"column":0},"end":{"line":225,"column":3}},"121":{"start":{"line":203,"column":4},"end":{"line":203,"column":59}},"122":{"start":{"line":204,"column":4},"end":{"line":224,"column":5}},"123":{"start":{"line":205,"column":8},"end":{"line":223,"column":9}},"124":{"start":{"line":206,"column":12},"end":{"line":206,"column":25}},"125":{"start":{"line":207,"column":12},"end":{"line":209,"column":13}},"126":{"start":{"line":208,"column":16},"end":{"line":208,"column":74}},"127":{"start":{"line":210,"column":12},"end":{"line":212,"column":13}},"128":{"start":{"line":211,"column":16},"end":{"line":211,"column":90}},"129":{"start":{"line":213,"column":12},"end":{"line":215,"column":13}},"130":{"start":{"line":214,"column":16},"end":{"line":214,"column":95}},"131":{"start":{"line":216,"column":12},"end":{"line":218,"column":13}},"132":{"start":{"line":217,"column":16},"end":{"line":217,"column":97}},"133":{"start":{"line":219,"column":12},"end":{"line":221,"column":13}},"134":{"start":{"line":220,"column":16},"end":{"line":220,"column":76}},"135":{"start":{"line":222,"column":12},"end":{"line":222,"column":53}}},"branchMap":{"1":{"line":4,"type":"if","locations":[{"start":{"line":4,"column":4},"end":{"line":4,"column":4}},{"start":{"line":4,"column":4},"end":{"line":4,"column":4}}]},"2":{"line":29,"type":"if","locations":[{"start":{"line":29,"column":8},"end":{"line":29,"column":8}},{"start":{"line":29,"column":8},"end":{"line":29,"column":8}}]},"3":{"line":31,"type":"if","locations":[{"start":{"line":31,"column":12},"end":{"line":31,"column":12}},{"start":{"line":31,"column":12},"end":{"line":31,"column":12}}]},"4":{"line":44,"type":"if","locations":[{"start":{"line":44,"column":12},"end":{"line":44,"column":12}},{"start":{"line":44,"column":12},"end":{"line":44,"column":12}}]},"5":{"line":48,"type":"if","locations":[{"start":{"line":48,"column":12},"end":{"line":48,"column":12}},{"start":{"line":48,"column":12},"end":{"line":48,"column":12}}]},"6":{"line":51,"type":"if","locations":[{"start":{"line":51,"column":12},"end":{"line":51,"column":12}},{"start":{"line":51,"column":12},"end":{"line":51,"column":12}}]},"7":{"line":76,"type":"if","locations":[{"start":{"line":76,"column":8},"end":{"line":76,"column":8}},{"start":{"line":76,"column":8},"end":{"line":76,"column":8}}]},"8":{"line":85,"type":"if","locations":[{"start":{"line":85,"column":8},"end":{"line":85,"column":8}},{"start":{"line":85,"column":8},"end":{"line":85,"column":8}}]},"9":{"line":85,"type":"binary-expr","locations":[{"start":{"line":85,"column":12},"end":{"line":85,"column":16}},{"start":{"line":85,"column":20},"end":{"line":85,"column":50}}]},"10":{"line":97,"type":"switch","locations":[{"start":{"line":98,"column":12},"end":{"line":100,"column":22}},{"start":{"line":101,"column":12},"end":{"line":103,"column":22}}]},"11":{"line":99,"type":"cond-expr","locations":[{"start":{"line":99,"column":48},"end":{"line":99,"column":51}},{"start":{"line":99,"column":54},"end":{"line":99,"column":68}}]},"12":{"line":102,"type":"cond-expr","locations":[{"start":{"line":102,"column":50},"end":{"line":102,"column":51}},{"start":{"line":102,"column":54},"end":{"line":102,"column":68}}]},"13":{"line":105,"type":"cond-expr","locations":[{"start":{"line":105,"column":38},"end":{"line":105,"column":41}},{"start":{"line":105,"column":44},"end":{"line":105,"column":58}}]},"14":{"line":106,"type":"cond-expr","locations":[{"start":{"line":106,"column":40},"end":{"line":106,"column":41}},{"start":{"line":106,"column":44},"end":{"line":106,"column":58}}]},"15":{"line":118,"type":"cond-expr","locations":[{"start":{"line":118,"column":44},"end":{"line":118,"column":59}},{"start":{"line":118,"column":62},"end":{"line":118,"column":67}}]},"16":{"line":120,"type":"cond-expr","locations":[{"start":{"line":120,"column":35},"end":{"line":120,"column":38}},{"start":{"line":120,"column":42},"end":{"line":120,"column":71}}]},"17":{"line":120,"type":"cond-expr","locations":[{"start":{"line":120,"column":56},"end":{"line":120,"column":59}},{"start":{"line":120,"column":62},"end":{"line":120,"column":71}}]},"18":{"line":130,"type":"if","locations":[{"start":{"line":130,"column":8},"end":{"line":130,"column":8}},{"start":{"line":130,"column":8},"end":{"line":130,"column":8}}]},"19":{"line":136,"type":"if","locations":[{"start":{"line":136,"column":8},"end":{"line":136,"column":8}},{"start":{"line":136,"column":8},"end":{"line":136,"column":8}}]},"20":{"line":145,"type":"if","locations":[{"start":{"line":145,"column":8},"end":{"line":145,"column":8}},{"start":{"line":145,"column":8},"end":{"line":145,"column":8}}]},"21":{"line":145,"type":"binary-expr","locations":[{"start":{"line":145,"column":12},"end":{"line":145,"column":36}},{"start":{"line":145,"column":40},"end":{"line":145,"column":67}}]},"22":{"line":161,"type":"if","locations":[{"start":{"line":161,"column":8},"end":{"line":161,"column":8}},{"start":{"line":161,"column":8},"end":{"line":161,"column":8}}]},"23":{"line":163,"type":"if","locations":[{"start":{"line":163,"column":16},"end":{"line":163,"column":16}},{"start":{"line":163,"column":16},"end":{"line":163,"column":16}}]},"24":{"line":164,"type":"if","locations":[{"start":{"line":164,"column":20},"end":{"line":164,"column":20}},{"start":{"line":164,"column":20},"end":{"line":164,"column":20}}]},"25":{"line":164,"type":"binary-expr","locations":[{"start":{"line":164,"column":24},"end":{"line":164,"column":46}},{"start":{"line":164,"column":50},"end":{"line":164,"column":82}}]},"26":{"line":176,"type":"switch","locations":[{"start":{"line":177,"column":12},"end":{"line":180,"column":22}},{"start":{"line":181,"column":12},"end":{"line":184,"column":22}},{"start":{"line":185,"column":12},"end":{"line":185,"column":30}},{"start":{"line":186,"column":12},"end":{"line":186,"column":29}},{"start":{"line":187,"column":12},"end":{"line":190,"column":22}},{"start":{"line":191,"column":12},"end":{"line":194,"column":22}}]},"27":{"line":192,"type":"binary-expr","locations":[{"start":{"line":192,"column":25},"end":{"line":192,"column":48}},{"start":{"line":192,"column":52},"end":{"line":192,"column":61}}]},"28":{"line":196,"type":"if","locations":[{"start":{"line":196,"column":8},"end":{"line":196,"column":8}},{"start":{"line":196,"column":8},"end":{"line":196,"column":8}}]},"29":{"line":204,"type":"if","locations":[{"start":{"line":204,"column":4},"end":{"line":204,"column":4}},{"start":{"line":204,"column":4},"end":{"line":204,"column":4}}]},"30":{"line":207,"type":"if","locations":[{"start":{"line":207,"column":12},"end":{"line":207,"column":12}},{"start":{"line":207,"column":12},"end":{"line":207,"column":12}}]},"31":{"line":210,"type":"if","locations":[{"start":{"line":210,"column":12},"end":{"line":210,"column":12}},{"start":{"line":210,"column":12},"end":{"line":210,"column":12}}]},"32":{"line":213,"type":"if","locations":[{"start":{"line":213,"column":12},"end":{"line":213,"column":12}},{"start":{"line":213,"column":12},"end":{"line":213,"column":12}}]},"33":{"line":216,"type":"if","locations":[{"start":{"line":216,"column":12},"end":{"line":216,"column":12}},{"start":{"line":216,"column":12},"end":{"line":216,"column":12}}]},"34":{"line":219,"type":"if","locations":[{"start":{"line":219,"column":12},"end":{"line":219,"column":12}},{"start":{"line":219,"column":12},"end":{"line":219,"column":12}}]}},"l":{"3":1,"4":14,"5":1,"7":13,"8":13,"9":13,"12":1,"23":13,"24":13,"25":13,"26":13,"27":13,"29":13,"30":0,"31":0,"33":13,"34":13,"35":52,"36":52,"37":52,"38":52,"39":0,"40":0,"41":0,"42":0,"44":52,"45":13,"46":13,"48":52,"49":13,"51":52,"52":13,"54":52,"55":52,"57":13,"58":13,"59":13,"60":13,"61":13,"62":13,"63":13,"64":13,"65":13,"66":0,"67":0,"69":13,"70":0,"71":0,"73":13,"74":0,"76":13,"77":1,"85":3,"86":3,"88":3,"89":3,"90":3,"91":3,"92":3,"93":3,"94":3,"95":3,"97":3,"99":2,"100":2,"102":1,"103":1,"105":3,"106":3,"107":3,"108":3,"109":3,"110":3,"111":3,"118":1,"119":1,"120":1,"121":1,"124":5,"125":5,"126":4,"130":1,"131":1,"132":1,"136":2,"137":2,"138":2,"142":16,"145":91,"146":0,"148":91,"149":91,"150":91,"153":13,"161":13,"162":3,"163":18,"164":18,"165":1,"171":13,"174":10,"176":10,"178":2,"179":2,"180":2,"182":3,"183":3,"184":3,"188":3,"189":3,"190":3,"192":2,"193":2,"194":2,"196":10,"197":4,"198":10,"202":1,"203":1,"204":1,"205":1,"206":0,"207":0,"208":0,"210":0,"211":0,"213":0,"214":0,"216":0,"217":0,"219":0,"220":0,"222":0}}}
